[10:18:15] [main/INFO]: Using mbed TLS based native cipher.
[10:18:15] [main/INFO]: Using zlib based native compressor.
[10:18:15] [main/INFO]: Enabled Waterfall version git:Waterfall-Bootstrap:1.19-R0.1-SNAPSHOT:f6069e2:513
[10:18:15] [main/INFO]: Not on Windows, attempting to use enhanced EpollEventLoop
[10:18:15] [main/INFO]: Epoll is working, utilising it!
[10:18:15] [main/INFO]: Discovered module: ModuleSpec(name=cmd_alert, file=modules/cmd_alert.jar, provider=JenkinsModuleSource())
[10:18:15] [main/INFO]: Discovered module: ModuleSpec(name=cmd_find, file=modules/cmd_find.jar, provider=JenkinsModuleSource())
[10:18:15] [main/INFO]: Discovered module: ModuleSpec(name=cmd_list, file=modules/cmd_list.jar, provider=JenkinsModuleSource())
[10:18:15] [main/INFO]: Discovered module: ModuleSpec(name=cmd_send, file=modules/cmd_send.jar, provider=JenkinsModuleSource())
[10:18:15] [main/INFO]: Discovered module: ModuleSpec(name=cmd_server, file=modules/cmd_server.jar, provider=JenkinsModuleSource())
[10:18:15] [main/INFO]: Discovered module: ModuleSpec(name=reconnect_yaml, file=modules/reconnect_yaml.jar, provider=JenkinsModuleSource())
[10:18:15] [main/INFO]: Attempting to update plugin from null to ModuleVersion(build=513, git=f6069e2)
[10:18:15] [main/INFO]: Attempting to Jenkins download module cmd_alert v513
[10:18:16] [main/INFO]: Download complete
[10:18:16] [main/INFO]: Attempting to update plugin from null to ModuleVersion(build=513, git=f6069e2)
[10:18:16] [main/INFO]: Attempting to Jenkins download module cmd_find v513
[10:18:16] [main/INFO]: Download complete
[10:18:16] [main/INFO]: Attempting to update plugin from null to ModuleVersion(build=513, git=f6069e2)
[10:18:16] [main/INFO]: Attempting to Jenkins download module cmd_list v513
[10:18:16] [main/INFO]: Download complete
[10:18:16] [main/INFO]: Attempting to update plugin from null to ModuleVersion(build=513, git=f6069e2)
[10:18:16] [main/INFO]: Attempting to Jenkins download module cmd_send v513
[10:18:16] [main/INFO]: Download complete
[10:18:16] [main/INFO]: Attempting to update plugin from null to ModuleVersion(build=513, git=f6069e2)
[10:18:16] [main/INFO]: Attempting to Jenkins download module cmd_server v513
[10:18:16] [main/INFO]: Download complete
[10:18:16] [main/INFO]: Attempting to update plugin from null to ModuleVersion(build=513, git=f6069e2)
[10:18:16] [main/INFO]: Attempting to Jenkins download module reconnect_yaml v513
[10:18:16] [main/INFO]: Download complete
[10:18:16] [main/INFO]: Loaded plugin reconnect_yaml version git:reconnect_yaml:1.19-R0.1-SNAPSHOT:f6069e2:513 by WaterfallMC
[10:18:16] [main/INFO]: Loaded plugin cmd_find version git:cmd_find:1.19-R0.1-SNAPSHOT:f6069e2:513 by WaterfallMC
[10:18:16] [main/INFO]: Loaded plugin cmd_server version git:cmd_server:1.19-R0.1-SNAPSHOT:f6069e2:513 by WaterfallMC
[10:18:16] [main/INFO]: Loaded plugin cmd_alert version git:cmd_alert:1.19-R0.1-SNAPSHOT:f6069e2:513 by WaterfallMC
[10:18:16] [main/INFO]: Loaded plugin cmd_send version git:cmd_send:1.19-R0.1-SNAPSHOT:f6069e2:513 by WaterfallMC
[10:18:16] [main/INFO]: Loaded plugin cmd_list version git:cmd_list:1.19-R0.1-SNAPSHOT:f6069e2:513 by WaterfallMC
[10:18:17] [main/WARN]: Forced host server pvp is not defined
[10:18:17] [main/INFO]: Enabled plugin reconnect_yaml version git:reconnect_yaml:1.19-R0.1-SNAPSHOT:f6069e2:513 by WaterfallMC
[10:18:17] [main/INFO]: Enabled plugin cmd_find version git:cmd_find:1.19-R0.1-SNAPSHOT:f6069e2:513 by WaterfallMC
[10:18:17] [main/INFO]: Enabled plugin cmd_server version git:cmd_server:1.19-R0.1-SNAPSHOT:f6069e2:513 by WaterfallMC
[10:18:17] [main/INFO]: Enabled plugin cmd_alert version git:cmd_alert:1.19-R0.1-SNAPSHOT:f6069e2:513 by WaterfallMC
[10:18:17] [main/INFO]: Enabled plugin cmd_send version git:cmd_send:1.19-R0.1-SNAPSHOT:f6069e2:513 by WaterfallMC
[10:18:17] [main/INFO]: Enabled plugin cmd_list version git:cmd_list:1.19-R0.1-SNAPSHOT:f6069e2:513 by WaterfallMC
[10:18:17] [Netty Boss IO Thread #0/INFO]: Listening on /0.0.0.0:25577
[10:18:20] [Netty Worker IO Thread #0/ERROR]: [/127.0.0.1:45474] <-> InitialHandler - encountered exception: net.md_5.bungee.util.QuietException: Unexpected packet received during login process! 4554202f20485454502f312e310d0a41
[10:20:36] [Netty Worker IO Thread #1/ERROR]: [/127.0.0.1:53080] <-> InitialHandler - encountered exception: net.md_5.bungee.util.QuietException: Unexpected packet received during login process! 4554202f20485454502f312e310d0a68
[10:20:36] [Netty Worker IO Thread #2/ERROR]: [/127.0.0.1:53096] <-> InitialHandler - encountered exception: net.md_5.bungee.util.QuietException: Unexpected packet received during login process! 4554202f20485454502f312e310d0a68
[10:20:36] [Netty Worker IO Thread #3/ERROR]: [/127.0.0.1:53104] <-> InitialHandler - encountered exception: net.md_5.bungee.util.QuietException: Unexpected packet received during login process! 4554202f20485454502f312e310d0a68
[10:20:42] [Netty Worker IO Thread #3/ERROR]: [/127.0.0.1:47116] <-> InitialHandler - encountered exception: net.md_5.bungee.util.QuietException: Unexpected packet received during login process! 4554202f20485454502f312e310d0a68
[10:20:42] [Netty Worker IO Thread #0/ERROR]: [/127.0.0.1:47128] <-> InitialHandler - encountered exception: net.md_5.bungee.util.QuietException: Unexpected packet received during login process! 4554202f20485454502f312e310d0a68
[10:20:42] [Netty Worker IO Thread #1/ERROR]: [/127.0.0.1:47142] <-> InitialHandler - encountered exception: net.md_5.bungee.util.QuietException: Unexpected packet received during login process! 4554202f20485454502f312e310d0a68
:18:20] [Server thread/WARN]: 	at java.base/java.lang.reflect.Method.invoke(Method.java:580)

[10:18:20] [Server thread/WARN]: 	at org.github.paperspigot.PaperSpigotConfig.readConfig(PaperSpigotConfig.java:84)

[10:18:20] [Server thread/WARN]: 	at org.github.paperspigot.PaperSpigotConfig.init(PaperSpigotConfig.java:62)

[10:18:20] [Server thread/WARN]: 	at net.minecraft.server.v1_8_R3.DedicatedServer.init(DedicatedServer.java:181)

[10:18:20] [Server thread/WARN]: 	at net.minecraft.server.v1_8_R3.MinecraftServer.run(MinecraftServer.java:563)

[10:18:20] [Server thread/WARN]: 	at java.base/java.lang.Thread.run(Thread.java:1583)

[10:18:20] [Server thread/INFO]: Generating keypair
[10:18:20] [Server thread/INFO]: Starting Minecraft server on *:25565
[10:18:20] [Server thread/INFO]: Your platform does not provide complete low-level API for accessing direct buffers reliably. Unless explicitly requested, heap buffer will always be preferred to avoid potential system unstability.
[10:18:20] [Server thread/INFO]: Using epoll channel type
[10:18:20] [Server thread/INFO]: **** Beginning UUID conversion, this may take A LONG time ****
[10:18:20] [Server thread/INFO]: Preparing level "world"
[10:18:20] [Server thread/INFO]: -------- World Settings For [world] --------
[10:18:20] [Server thread/INFO]: Mob Spawn Range: 4
[10:18:20] [Server thread/INFO]: Nerfing mobs spawned from spawners: false
[10:18:20] [Server thread/INFO]: Anti X-Ray: true
[10:18:20] [Server thread/INFO]: 	Engine Mode: 1
[10:18:20] [Server thread/INFO]: 	Hidden Blocks: [14, 15, 16, 21, 48, 49, 54, 56, 73, 74, 82, 129, 130]
[10:18:20] [Server thread/INFO]: 	Replace Blocks: [1, 5]
[10:18:20] [Server thread/INFO]: Cactus Growth Modifier: 100%
[10:18:20] [Server thread/INFO]: Cane Growth Modifier: 100%
[10:18:20] [Server thread/INFO]: Melon Growth Modifier: 100%
[10:18:20] [Server thread/INFO]: Mushroom Growth Modifier: 100%
[10:18:20] [Server thread/INFO]: Pumpkin Growth Modifier: 100%
[10:18:20] [Server thread/INFO]: Sapling Growth Modifier: 100%
[10:18:20] [Server thread/INFO]: Wheat Growth Modifier: 100%
[10:18:20] [Server thread/INFO]: NetherWart Growth Modifier: 100%
[10:18:20] [Server thread/INFO]: Entity Activation Range: An 32 / Mo 32 / Mi 16
[10:18:20] [Server thread/INFO]: Entity Tracking Range: Pl 48 / An 48 / Mo 48 / Mi 32 / Other 64
[10:18:20] [Server thread/INFO]: Hopper Transfer: 8 Hopper Check: 8 Hopper Amount: 1
[10:18:20] [Server thread/INFO]: Random Lighting Updates: false
[10:18:20] [Server thread/INFO]: Structure Info Saving: true
[10:18:20] [Server thread/INFO]: Sending up to 10 chunks per packet
[10:18:20] [Server thread/INFO]: Max Entity Collisions: 8
[10:18:20] [Server thread/INFO]: Custom Map Seeds:  Village: 10387312 Feature: 14357617
[10:18:20] [Server thread/INFO]: Max TNT Explosions: 100
[10:18:20] [Server thread/INFO]: Tile Max Tick Time: 50ms Entity max Tick Time: 50ms
[10:18:20] [Server thread/INFO]: Item Despawn Rate: 6000
[10:18:20] [Server thread/INFO]: Item Merge Radius: 2.5
[10:18:20] [Server thread/INFO]: Arrow Despawn Rate: 1200
[10:18:20] [Server thread/INFO]: Allow Zombie Pigmen to spawn from portal blocks: true
[10:18:20] [Server thread/INFO]: View Distance: 10
[10:18:20] [Server thread/INFO]: Zombie Aggressive Towards Villager: true
[10:18:20] [Server thread/INFO]: Chunks to Grow per Tick: 650
[10:18:20] [Server thread/INFO]: Clear tick list: false
[10:18:20] [Server thread/INFO]: Experience Merge Radius: 3.0
[10:18:20] [Server thread/INFO]: -------- World Settings For [world] --------
[10:18:20] [Server thread/INFO]: Squids will spawn between Y: 45.0 and Y: 63.0
[10:18:20] [Server thread/INFO]: Player blocking damage multiplier set to 0.5
[10:18:20] [Server thread/INFO]: Remove invalid mob spawner tile entities: true
[10:18:20] [Server thread/INFO]: Max height for cactus growth 3. Max height for reed growth 3
[10:18:20] [Server thread/INFO]: Living Entity Despawn Ranges:  Soft: 32 Hard: 128
[10:18:20] [Server thread/INFO]: Water over lava flow speed: 5
[10:18:20] [Server thread/INFO]: Fix TNT cannons: false
[10:18:20] [Server thread/INFO]: Allow undead horse types to be leashed: false
[10:18:20] [Server thread/INFO]: Keep spawn chunk loaded: true
[10:18:20] [Server thread/INFO]: World async lighting: false
[10:18:20] [Server thread/INFO]: WorldServer TickNextTick cap set at 10000
[10:18:20] [Server thread/INFO]: WorldServer TickNextTickList cap always processes redstone: false
[10:18:20] [Server thread/INFO]: -------- World Settings For [world_nether] --------
[10:18:20] [Server thread/INFO]: Mob Spawn Range: 4
[10:18:20] [Server thread/INFO]: Nerfing mobs spawned from spawners: false
[10:18:20] [Server thread/INFO]: Anti X-Ray: true
[10:18:20] [Server thread/INFO]: 	Engine Mode: 1
[10:18:20] [Server thread/INFO]: 	Hidden Blocks: [14, 15, 16, 21, 48, 49, 54, 56, 73, 74, 82, 129, 130]
[10:18:20] [Server thread/INFO]: 	Replace Blocks: [1, 5]
[10:18:20] [Server thread/INFO]: Cactus Growth Modifier: 100%
[10:18:20] [Server thread/INFO]: Cane Growth Modifier: 100%
[10:18:20] [Server thread/INFO]: Melon Growth Modifier: 100%
[10:18:20] [Server thread/INFO]: Mushroom Growth Modifier: 100%
[10:18:20] [Server thread/INFO]: Pumpkin Growth Modifier: 100%
[10:18:20] [Server thread/INFO]: Sapling Growth Modifier: 100%
[10:18:20] [Server thread/INFO]: Wheat Growth Modifier: 100%
[10:18:20] [Server thread/INFO]: NetherWart Growth Modifier: 100%
[10:18:20] [Server thread/INFO]: Entity Activation Range: An 32 / Mo 32 / Mi 16
[10:18:20] [Server thread/INFO]: Entity Tracking Range: Pl 48 / An 48 / Mo 48 / Mi 32 / Other 64
[10:18:20] [Server thread/INFO]: Hopper Transfer: 8 Hopper Check: 8 Hopper Amount: 1
[10:18:20] [Server thread/INFO]: Random Lighting Updates: false
[10:18:20] [Server thread/INFO]: Structure Info Saving: true
[10:18:21] [Server thread/INFO]: Sending up to 10 chunks per packet
[10:18:21] [Server thread/INFO]: Max Entity Collisions: 8
[10:18:21] [Server thread/INFO]: Custom Map Seeds:  Village: 10387312 Feature: 14357617
[10:18:21] [Server thread/INFO]: Max TNT Explosions: 100
[10:18:21] [Server thread/INFO]: Tile Max Tick Time: 50ms Entity max Tick Time: 50ms
[10:18:21] [Server thread/INFO]: Item Despawn Rate: 6000
[10:18:21] [Server thread/INFO]: Item Merge Radius: 2.5
[10:18:21] [Server thread/INFO]: Arrow Despawn Rate: 1200
[10:18:21] [Server thread/INFO]: Allow Zombie Pigmen to spawn from portal blocks: true
[10:18:21] [Server thread/INFO]: View Distance: 10
[10:18:21] [Server thread/INFO]: Zombie Aggressive Towards Villager: true
[10:18:21] [Server thread/INFO]: Chunks to Grow per Tick: 650
[10:18:21] [Server thread/INFO]: Clear tick list: false
[10:18:21] [Server thread/INFO]: Experience Merge Radius: 3.0
[10:18:21] [Server thread/INFO]: -------- World Settings For [world_nether] --------
[10:18:21] [Server thread/INFO]: Squids will spawn between Y: 45.0 and Y: 63.0
[10:18:21] [Server thread/INFO]: Player blocking damage multiplier set to 0.5
[10:18:21] [Server thread/INFO]: Remove invalid mob spawner tile entities: true
[10:18:21] [Server thread/INFO]: Max height for cactus growth 3. Max height for reed growth 3
[10:18:21] [Server thread/INFO]: Living Entity Despawn Ranges:  Soft: 32 Hard: 128
[10:18:21] [Server thread/INFO]: Water over lava flow speed: 5
[10:18:21] [Server thread/INFO]: Fix TNT cannons: false
[10:18:21] [Server thread/INFO]: Allow undead horse types to be leashed: false
[10:18:21] [Server thread/INFO]: Keep spawn chunk loaded: true
[10:18:21] [Server thread/INFO]: World async lighting: false
[10:18:21] [Server thread/INFO]: WorldServer TickNextTick cap set at 10000
[10:18:21] [Server thread/INFO]: WorldServer TickNextTickList cap always processes redstone: false
[10:18:21] [Server thread/INFO]: -------- World Settings For [world_the_end] --------
[10:18:21] [Server thread/INFO]: Mob Spawn Range: 4
[10:18:21] [Server thread/INFO]: Nerfing mobs spawned from spawners: false
[10:18:21] [Server thread/INFO]: Anti X-Ray: true
[10:18:21] [Server thread/INFO]: 	Engine Mode: 1
[10:18:21] [Server thread/INFO]: 	Hidden Blocks: [14, 15, 16, 21, 48, 49, 54, 56, 73, 74, 82, 129, 130]
[10:18:21] [Server thread/INFO]: 	Replace Blocks: [1, 5]
[10:18:21] [Server thread/INFO]: Cactus Growth Modifier: 100%
[10:18:21] [Server thread/INFO]: Cane Growth Modifier: 100%
[10:18:21] [Server thread/INFO]: Melon Growth Modifier: 100%
[10:18:21] [Server thread/INFO]: Mushroom Growth Modifier: 100%
[10:18:21] [Server thread/INFO]: Pumpkin Growth Modifier: 100%
[10:18:21] [Server thread/INFO]: Sapling Growth Modifier: 100%
[10:18:21] [Server thread/INFO]: Wheat Growth Modifier: 100%
[10:18:21] [Server thread/INFO]: NetherWart Growth Modifier: 100%
[10:18:21] [Server thread/INFO]: Entity Activation Range: An 32 / Mo 32 / Mi 16
[10:18:21] [Server thread/INFO]: Entity Tracking Range: Pl 48 / An 48 / Mo 48 / Mi 32 / Other 64
[10:18:21] [Server thread/INFO]: Hopper Transfer: 8 Hopper Check: 8 Hopper Amount: 1
[10:18:21] [Server thread/INFO]: Random Lighting Updates: false
[10:18:21] [Server thread/INFO]: Structure Info Saving: true
[10:18:21] [Server thread/INFO]: Sending up to 10 chunks per packet
[10:18:21] [Server thread/INFO]: Max Entity Collisions: 8
[10:18:21] [Server thread/INFO]: Custom Map Seeds:  Village: 10387312 Feature: 14357617
[10:18:21] [Server thread/INFO]: Max TNT Explosions: 100
[10:18:21] [Server thread/INFO]: Tile Max Tick Time: 50ms Entity max Tick Time: 50ms
[10:18:21] [Server thread/INFO]: Item Despawn Rate: 6000
[10:18:21] [Server thread/INFO]: Item Merge Radius: 2.5
[10:18:21] [Server thread/INFO]: Arrow Despawn Rate: 1200
[10:18:21] [Server thread/INFO]: Allow Zombie Pigmen to spawn from portal blocks: true
[10:18:21] [Server thread/INFO]: View Distance: 10
[10:18:21] [Server thread/INFO]: Zombie Aggressive Towards Villager: true
[10:18:21] [Server thread/INFO]: Chunks to Grow per Tick: 650
[10:18:21] [Server thread/INFO]: Clear tick list: false
[10:18:21] [Server thread/INFO]: Experience Merge Radius: 3.0
[10:18:21] [Server thread/INFO]: -------- World Settings For [world_the_end] --------
[10:18:21] [Server thread/INFO]: Squids will spawn between Y: 45.0 and Y: 63.0
[10:18:21] [Server thread/INFO]: Player blocking damage multiplier set to 0.5
[10:18:21] [Server thread/INFO]: Remove invalid mob spawner tile entities: true
[10:18:21] [Server thread/INFO]: Max height for cactus growth 3. Max height for reed growth 3
[10:18:21] [Server thread/INFO]: Living Entity Despawn Ranges:  Soft: 32 Hard: 128
[10:18:21] [Server thread/INFO]: Water over lava flow speed: 5
[10:18:21] [Server thread/INFO]: Fix TNT cannons: false
[10:18:21] [Server thread/INFO]: Allow undead horse types to be leashed: false
[10:18:21] [Server thread/INFO]: Keep spawn chunk loaded: true
[10:18:21] [Server thread/INFO]: World async lighting: false
[10:18:21] [Server thread/INFO]: WorldServer TickNextTick cap set at 10000
[10:18:21] [Server thread/INFO]: WorldServer TickNextTickList cap always processes redstone: false
[10:18:21] [Server thread/INFO]: Preparing start region for level 0 (Seed: 4605507610118581419)
[10:18:22] [Server thread/INFO]: Preparing spawn area: 4%
[10:18:23] [Server thread/INFO]: Preparing spawn area: 8%
[10:18:24] [Server thread/INFO]: Preparing spawn area: 13%
[10:18:25] [Server thread/INFO]: Preparing spawn area: 21%
[10:18:26] [Server thread/INFO]: Preparing spawn area: 28%
[10:18:27] [Server thread/INFO]: Preparing spawn area: 34%
[10:18:28] [Server thread/INFO]: Preparing spawn area: 42%
[10:18:29] [Server thread/INFO]: Preparing spawn area: 52%
[10:18:30] [Server thread/INFO]: Preparing spawn area: 60%
[10:18:31] [Server thread/INFO]: Preparing spawn area: 67%
[10:18:32] [Server thread/INFO]: Preparing spawn area: 76%
[10:18:33] [Server thread/INFO]: Preparing spawn area: 83%
[10:18:34] [Server thread/INFO]: Preparing spawn area: 92%
[10:18:35] [Server thread/INFO]: Preparing start region for level 1 (Seed: 4605507610118581419)
[10:18:36] [Server thread/INFO]: Preparing spawn area: 11%
[10:18:37] [Server thread/INFO]: Preparing spawn area: 21%
[10:18:38] [Server thread/INFO]: Preparing spawn area: 38%
[10:18:39] [Server thread/INFO]: Preparing spawn area: 50%
[10:18:40] [Server thread/INFO]: Preparing spawn area: 65%
[10:18:41] [Server thread/INFO]: Preparing spawn area: 88%
[10:18:41] [Server thread/INFO]: Preparing start region for level 2 (Seed: 4605507610118581419)
[10:18:42] [Server thread/INFO]: Preparing spawn area: 47%
[10:18:43] [Server thread/INFO]: Done (23.181s)! For help, type "help" or "?"
[10:18:43] [Server thread/INFO]: Timings Reset
